<?xml version="1.0" encoding="UTF-8"?>
<testng-results ignored="0" total="2" passed="2" failed="0" skipped="0">
  <reporter-output>
  </reporter-output>
  <suite started-at="2023-12-06T11:07:58Z" name="Default suite" finished-at="2023-12-06T11:08:02Z" duration-ms="4131">
    <groups>
    </groups>
    <test started-at="2023-12-06T11:07:58Z" name="Default test" finished-at="2023-12-06T11:08:02Z" duration-ms="4131">
      <class name="com.crm.qa.testcases.HomePageTest">
        <test-method is-config="true" signature="setUp()[pri:0, instance:com.crm.qa.testcases.HomePageTest@402c4085]" started-at="2023-12-06T16:37:58Z" name="setUp" finished-at="2023-12-06T16:38:00Z" duration-ms="1847" status="PASS">
          <reporter-output>
          </reporter-output>
        </test-method> <!-- setUp -->
        <test-method signature="getAllItemsPriceAccending()[pri:0, instance:com.crm.qa.testcases.HomePageTest@402c4085]" started-at="2023-12-06T16:38:00Z" name="getAllItemsPriceAccending" finished-at="2023-12-06T16:38:00Z" duration-ms="162" status="PASS">
          <reporter-output>
          </reporter-output>
        </test-method> <!-- getAllItemsPriceAccending -->
        <test-method is-config="true" signature="tearDown()[pri:0, instance:com.crm.qa.testcases.HomePageTest@402c4085]" started-at="2023-12-06T16:38:00Z" name="tearDown" finished-at="2023-12-06T16:38:00Z" duration-ms="185" status="PASS">
          <reporter-output>
          </reporter-output>
        </test-method> <!-- tearDown -->
        <test-method is-config="true" signature="setUp()[pri:0, instance:com.crm.qa.testcases.HomePageTest@402c4085]" started-at="2023-12-06T16:38:00Z" name="setUp" finished-at="2023-12-06T16:38:02Z" duration-ms="1607" status="PASS">
          <reporter-output>
          </reporter-output>
        </test-method> <!-- setUp -->
        <test-method signature="getAllItemsPriceDesccending()[pri:0, instance:com.crm.qa.testcases.HomePageTest@402c4085]" started-at="2023-12-06T16:38:02Z" name="getAllItemsPriceDesccending" finished-at="2023-12-06T16:38:02Z" duration-ms="157" status="PASS">
          <reporter-output>
          </reporter-output>
        </test-method> <!-- getAllItemsPriceDesccending -->
        <test-method is-config="true" signature="tearDown()[pri:0, instance:com.crm.qa.testcases.HomePageTest@402c4085]" started-at="2023-12-06T16:38:02Z" name="tearDown" finished-at="2023-12-06T16:38:02Z" duration-ms="159" status="PASS">
          <reporter-output>
          </reporter-output>
        </test-method> <!-- tearDown -->
      </class> <!-- com.crm.qa.testcases.HomePageTest -->
    </test> <!-- Default test -->
  </suite> <!-- Default suite -->
</testng-results>
