<?xml version="1.0" encoding="UTF-8"?>
<testng-results ignored="0" total="1" passed="1" failed="0" skipped="0">
  <reporter-output>
  </reporter-output>
  <suite started-at="2023-12-05T12:55:07Z" name="Default suite" finished-at="2023-12-05T12:55:10Z" duration-ms="2445">
    <groups>
    </groups>
    <test started-at="2023-12-05T12:55:07Z" name="Default test" finished-at="2023-12-05T12:55:10Z" duration-ms="2445">
      <class name="com.crm.qa.testcases.HomePageTest">
        <test-method is-config="true" signature="setUp()[pri:0, instance:com.crm.qa.testcases.HomePageTest@14028087]" started-at="2023-12-05T18:25:07Z" name="setUp" finished-at="2023-12-05T18:25:09Z" duration-ms="1948" status="PASS">
          <reporter-output>
          </reporter-output>
        </test-method> <!-- setUp -->
        <test-method signature="getAllItemsPrice()[pri:0, instance:com.crm.qa.testcases.HomePageTest@14028087]" started-at="2023-12-05T18:25:09Z" name="getAllItemsPrice" finished-at="2023-12-05T18:25:09Z" duration-ms="270" status="PASS">
          <reporter-output>
          </reporter-output>
        </test-method> <!-- getAllItemsPrice -->
        <test-method is-config="true" signature="tearDown()[pri:0, instance:com.crm.qa.testcases.HomePageTest@14028087]" started-at="2023-12-05T18:25:09Z" name="tearDown" finished-at="2023-12-05T18:25:10Z" duration-ms="214" status="PASS">
          <reporter-output>
          </reporter-output>
        </test-method> <!-- tearDown -->
      </class> <!-- com.crm.qa.testcases.HomePageTest -->
    </test> <!-- Default test -->
  </suite> <!-- Default suite -->
</testng-results>
